<?xml version="1.0" encoding="UTF-8"?>
<!-- Generated by org.testng.reporters.JUnitXMLReporter -->
<testsuite hostname="LAPTOP-ADEQ1STN" ignored="0" name="GetNames" tests="3" failures="0" timestamp="17 May 2020 18:01:15 GMT" time="0.547" errors="0">
  <testcase name="displayNames" time="0.006" classname="testngPack.Functional"/>
  <testcase name="displayNamesAgain" time="0.002" classname="testngPack.Functional"/>
  <testcase name="f" time="0.507" classname="testngPack.Functional"/>
</testsuite> <!-- GetNames -->
